<?xml version="1.0" encoding="UTF-8"?>
<coverage generated="1618518550169" clover="3.2.0">
  <project timestamp="1618518550169" name="All files">
    <metrics statements="35" coveredstatements="27" conditionals="6" coveredconditionals="2" methods="8" coveredmethods="5" elements="49" coveredelements="34" complexity="0" loc="35" ncloc="35" packages="1" files="1" classes="1"/>
    <file name="index.js" path="/home/rodrigo/Documents/pessoal/cursos/rocketseat/ignite/ignite-desafio03-corrigindo-o-codigo/src/index.js">
      <metrics statements="35" coveredstatements="27" conditionals="6" coveredconditionals="2" methods="8" coveredmethods="5"/>
      <line num="1" count="2" type="stmt"/>
      <line num="3" count="2" type="stmt"/>
      <line num="5" count="2" type="stmt"/>
      <line num="7" count="2" type="stmt"/>
      <line num="9" count="2" type="stmt"/>
      <line num="11" count="2" type="stmt"/>
      <line num="12" count="3" type="stmt"/>
      <line num="15" count="2" type="stmt"/>
      <line num="16" count="6" type="stmt"/>
      <line num="18" count="6" type="stmt"/>
      <line num="26" count="6" type="stmt"/>
      <line num="29" count="2" type="stmt"/>
      <line num="30" count="3" type="stmt"/>
      <line num="31" count="3" type="stmt"/>
      <line num="33" count="3" type="stmt"/>
      <line num="35" count="0" type="cond" truecount="0" falsecount="2"/>
      <line num="36" count="0" type="stmt"/>
      <line num="39" count="0" type="stmt"/>
      <line num="41" count="0" type="stmt"/>
      <line num="43" count="0" type="stmt"/>
      <line num="46" count="2" type="stmt"/>
      <line num="47" count="2" type="stmt"/>
      <line num="49" count="2" type="stmt"/>
      <line num="51" count="2" type="cond" truecount="1" falsecount="1"/>
      <line num="52" count="0" type="stmt"/>
      <line num="55" count="2" type="stmt"/>
      <line num="57" count="2" type="stmt"/>
      <line num="60" count="2" type="stmt"/>
      <line num="61" count="2" type="stmt"/>
      <line num="63" count="2" type="stmt"/>
      <line num="65" count="2" type="cond" truecount="1" falsecount="1"/>
      <line num="66" count="2" type="stmt"/>
      <line num="69" count="0" type="stmt"/>
      <line num="71" count="0" type="stmt"/>
      <line num="74" count="2" type="stmt"/>
    </file>
  </project>
</coverage>
