{"/home/rodrigo/Documents/pessoal/cursos/rocketseat/ignite/ignite-desafio03-corrigindo-o-codigo/src/index.js": {"path":"/home/rodrigo/Documents/pessoal/cursos/rocketseat/ignite/ignite-desafio03-corrigindo-o-codigo/src/index.js","statementMap":{"0":{"start":{"line":1,"column":16},"end":{"line":1,"column":34}},"1":{"start":{"line":3,"column":21},"end":{"line":3,"column":36}},"2":{"start":{"line":5,"column":12},"end":{"line":5,"column":21}},"3":{"start":{"line":7,"column":0},"end":{"line":7,"column":24}},"4":{"start":{"line":9,"column":21},"end":{"line":9,"column":23}},"5":{"start":{"line":11,"column":0},"end":{"line":13,"column":3}},"6":{"start":{"line":12,"column":2},"end":{"line":12,"column":37}},"7":{"start":{"line":15,"column":0},"end":{"line":27,"column":3}},"8":{"start":{"line":16,"column":32},"end":{"line":16,"column":44}},"9":{"start":{"line":18,"column":21},"end":{"line":24,"column":3}},"10":{"start":{"line":26,"column":2},"end":{"line":26,"column":35}},"11":{"start":{"line":29,"column":0},"end":{"line":44,"column":3}},"12":{"start":{"line":30,"column":17},"end":{"line":30,"column":31}},"13":{"start":{"line":31,"column":28},"end":{"line":31,"column":40}},"14":{"start":{"line":33,"column":2},"end":{"line":33,"column":79}},"15":{"start":{"line":33,"column":57},"end":{"line":33,"column":77}},"16":{"start":{"line":35,"column":2},"end":{"line":37,"column":3}},"17":{"start":{"line":36,"column":4},"end":{"line":36,"column":72}},"18":{"start":{"line":39,"column":21},"end":{"line":39,"column":79}},"19":{"start":{"line":41,"column":2},"end":{"line":41,"column":45}},"20":{"start":{"line":43,"column":2},"end":{"line":43,"column":35}},"21":{"start":{"line":46,"column":0},"end":{"line":58,"column":3}},"22":{"start":{"line":47,"column":17},"end":{"line":47,"column":31}},"23":{"start":{"line":49,"column":2},"end":{"line":49,"column":79}},"24":{"start":{"line":49,"column":57},"end":{"line":49,"column":77}},"25":{"start":{"line":51,"column":2},"end":{"line":53,"column":3}},"26":{"start":{"line":52,"column":4},"end":{"line":52,"column":72}},"27":{"start":{"line":55,"column":2},"end":{"line":55,"column":42}},"28":{"start":{"line":57,"column":2},"end":{"line":57,"column":37}},"29":{"start":{"line":60,"column":0},"end":{"line":72,"column":3}},"30":{"start":{"line":61,"column":17},"end":{"line":61,"column":31}},"31":{"start":{"line":63,"column":2},"end":{"line":63,"column":79}},"32":{"start":{"line":63,"column":57},"end":{"line":63,"column":77}},"33":{"start":{"line":65,"column":2},"end":{"line":67,"column":3}},"34":{"start":{"line":66,"column":4},"end":{"line":66,"column":72}},"35":{"start":{"line":69,"column":16},"end":{"line":69,"column":53}},"36":{"start":{"line":71,"column":2},"end":{"line":71,"column":32}},"37":{"start":{"line":74,"column":0},"end":{"line":74,"column":21}}},"fnMap":{"0":{"name":"(anonymous_0)","decl":{"start":{"line":11,"column":25},"end":{"line":11,"column":26}},"loc":{"start":{"line":11,"column":48},"end":{"line":13,"column":1}},"line":11},"1":{"name":"(anonymous_1)","decl":{"start":{"line":15,"column":26},"end":{"line":15,"column":27}},"loc":{"start":{"line":15,"column":49},"end":{"line":27,"column":1}},"line":15},"2":{"name":"(anonymous_2)","decl":{"start":{"line":29,"column":29},"end":{"line":29,"column":30}},"loc":{"start":{"line":29,"column":52},"end":{"line":44,"column":1}},"line":29},"3":{"name":"(anonymous_3)","decl":{"start":{"line":33,"column":43},"end":{"line":33,"column":44}},"loc":{"start":{"line":33,"column":57},"end":{"line":33,"column":77}},"line":33},"4":{"name":"(anonymous_4)","decl":{"start":{"line":46,"column":32},"end":{"line":46,"column":33}},"loc":{"start":{"line":46,"column":55},"end":{"line":58,"column":1}},"line":46},"5":{"name":"(anonymous_5)","decl":{"start":{"line":49,"column":43},"end":{"line":49,"column":44}},"loc":{"start":{"line":49,"column":57},"end":{"line":49,"column":77}},"line":49},"6":{"name":"(anonymous_6)","decl":{"start":{"line":60,"column":35},"end":{"line":60,"column":36}},"loc":{"start":{"line":60,"column":58},"end":{"line":72,"column":1}},"line":60},"7":{"name":"(anonymous_7)","decl":{"start":{"line":63,"column":43},"end":{"line":63,"column":44}},"loc":{"start":{"line":63,"column":57},"end":{"line":63,"column":77}},"line":63}},"branchMap":{"0":{"loc":{"start":{"line":35,"column":2},"end":{"line":37,"column":3}},"type":"if","locations":[{"start":{"line":35,"column":2},"end":{"line":37,"column":3}},{"start":{"line":35,"column":2},"end":{"line":37,"column":3}}],"line":35},"1":{"loc":{"start":{"line":51,"column":2},"end":{"line":53,"column":3}},"type":"if","locations":[{"start":{"line":51,"column":2},"end":{"line":53,"column":3}},{"start":{"line":51,"column":2},"end":{"line":53,"column":3}}],"line":51},"2":{"loc":{"start":{"line":65,"column":2},"end":{"line":67,"column":3}},"type":"if","locations":[{"start":{"line":65,"column":2},"end":{"line":67,"column":3}},{"start":{"line":65,"column":2},"end":{"line":67,"column":3}}],"line":65}},"s":{"0":2,"1":2,"2":2,"3":2,"4":2,"5":2,"6":3,"7":2,"8":6,"9":6,"10":6,"11":2,"12":3,"13":3,"14":3,"15":0,"16":0,"17":0,"18":0,"19":0,"20":0,"21":2,"22":2,"23":2,"24":0,"25":2,"26":0,"27":2,"28":2,"29":2,"30":2,"31":2,"32":0,"33":2,"34":2,"35":0,"36":0,"37":2},"f":{"0":3,"1":6,"2":3,"3":0,"4":2,"5":0,"6":2,"7":0},"b":{"0":[0,0],"1":[0,2],"2":[2,0]},"_coverageSchema":"1a1c01bbd47fc00a2c39e90264f33305004495a9","hash":"8fd7c193fd20c344042dfd4a1fc15b9657933d17"}
}
