TN:
SF:src/index.js
FN:11,(anonymous_0)
FN:15,(anonymous_1)
FN:29,(anonymous_2)
FN:33,(anonymous_3)
FN:46,(anonymous_4)
FN:49,(anonymous_5)
FN:60,(anonymous_6)
FN:63,(anonymous_7)
FNF:8
FNH:5
FNDA:3,(anonymous_0)
FNDA:6,(anonymous_1)
FNDA:3,(anonymous_2)
FNDA:0,(anonymous_3)
FNDA:2,(anonymous_4)
FNDA:0,(anonymous_5)
FNDA:2,(anonymous_6)
FNDA:0,(anonymous_7)
DA:1,2
DA:3,2
DA:5,2
DA:7,2
DA:9,2
DA:11,2
DA:12,3
DA:15,2
DA:16,6
DA:18,6
DA:26,6
DA:29,2
DA:30,3
DA:31,3
DA:33,3
DA:35,0
DA:36,0
DA:39,0
DA:41,0
DA:43,0
DA:46,2
DA:47,2
DA:49,2
DA:51,2
DA:52,0
DA:55,2
DA:57,2
DA:60,2
DA:61,2
DA:63,2
DA:65,2
DA:66,2
DA:69,0
DA:71,0
DA:74,2
LF:35
LH:27
BRDA:35,0,0,0
BRDA:35,0,1,0
BRDA:51,1,0,0
BRDA:51,1,1,2
BRDA:65,2,0,2
BRDA:65,2,1,0
BRF:6
BRH:2
end_of_record
